Arguments: 
  C:\Program Files\nodejs\node.exe C:\Program Files\nodejs\node_modules\yarn\bin\yarn.js add -D @11/eleventy

PATH: 
  ;C:\Program Files (x86)\Common Files\Oracle\Java\javapath;C:\Python27\;C:\Python27\Scripts;C:\Program Files (x86)\Common Files\Intel\Shared Libraries\redist\intel64\compiler;C:\Python39\Scripts\;C:\Python39\;C:\Windows\system32;C:\Windows;C:\Windows\System32\Wbem;C:\Windows\System32\WindowsPowerShell\v1.0\;C:\Windows\System32\OpenSSH\;C:\ProgramData\chocolatey\bin;C:\Program Files\Microsoft VS Code\bin;C:\Program Files\Git\cmd;C:\Program Files (x86)\NVIDIA Corporation\PhysX\Common;C:\ProgramData\ComposerSetup\bin;C:\Program Files\dotnet\;C:\Program Files\Symfony;C:\tools\php74;C:\Program Files\Docker\Docker\resources\bin;C:\ProgramData\DockerDesktop\version-bin;C:\Users\teche\AppData\Roaming\nvm;C:\Program Files\nodejs;C:\Users\teche\AppData\Local\Microsoft\WindowsApps;C:\tools\php74;C:\Users\teche\AppData\Roaming\Composer\vendor\bin;C:\Users\teche\AppData\Roaming\nvm;C:\Program Files\nodejs

Yarn version: 
  1.22.11

Node version: 
  14.17.6

Platform: 
  win32 x64

Trace: 
  Error: https://registry.yarnpkg.com/@11%2feleventy: Not found
      at Request.params.callback [as _callback] (C:\Users\teche\AppData\Roaming\nvm\v14.17.6\node_modules\yarn\lib\cli.js:66992:18)
      at Request.self.callback (C:\Users\teche\AppData\Roaming\nvm\v14.17.6\node_modules\yarn\lib\cli.js:140763:22)
      at Request.emit (events.js:400:28)
      at Request.<anonymous> (C:\Users\teche\AppData\Roaming\nvm\v14.17.6\node_modules\yarn\lib\cli.js:141735:10)
      at Request.emit (events.js:400:28)
      at IncomingMessage.<anonymous> (C:\Users\teche\AppData\Roaming\nvm\v14.17.6\node_modules\yarn\lib\cli.js:141657:12)
      at Object.onceWrapper (events.js:519:28)
      at IncomingMessage.emit (events.js:412:35)
      at endReadableNT (internal/streams/readable.js:1317:12)
      at processTicksAndRejections (internal/process/task_queues.js:82:21)

npm manifest: 
  {
    "name": "envolez-vous",
    "version": "1.0.0",
    "description": "",
    "main": "index.js",
    "scripts": {
      "test": "echo \"Error: no test specified\" && exit 1"
    },
    "repository": {
      "type": "git",
      "url": "git+https://github.com/Syltech/envolez-vous.git"
    },
    "keywords": [],
    "author": "",
    "license": "ISC",
    "bugs": {
      "url": "https://github.com/Syltech/envolez-vous/issues"
    },
    "homepage": "https://github.com/Syltech/envolez-vous#readme"
  }

yarn manifest: 
  No manifest

Lockfile: 
  No lockfile
